#
# There is insufficient memory for the Java Runtime Environment to continue.
# Native memory allocation (mmap) failed to map 123731968 bytes for G1 virtual space
# Possible reasons:
#   The system is out of physical RAM or swap space
#   The process is running with CompressedOops enabled, and the Java Heap may be blocking the growth of the native heap
# Possible solutions:
#   Reduce memory load on the system
#   Increase physical memory or swap space
#   Check if swap backing store is full
#   Decrease Java heap size (-Xmx/-Xms)
#   Decrease number of Java threads
#   Decrease Java thread stack sizes (-Xss)
#   Set larger code cache with -XX:ReservedCodeCacheSize=
#   JVM is running with Unscaled Compressed Oops mode in which the Java heap is
#     placed in the first 4GB address space. The Java Heap base address is the
#     maximum limit for the native heap growth. Please use -XX:HeapBaseMinAddress
#     to set the Java Heap base and to place the Java Heap above 4GB virtual address.
# This output file may be truncated or incomplete.
#
#  Out of Memory Error (os_windows.cpp:3825), pid=19236, tid=16968
#
# JRE version:  (17.0.9) (build )
# Java VM: OpenJDK 64-Bit Server VM (17.0.9+0--11185874, mixed mode, sharing, tiered, compressed oops, compressed class ptrs, g1 gc, windows-amd64)
# No core dump will be written. Minidumps are not enabled by default on client versions of Windows
#

---------------  S U M M A R Y ------------

Command Line: git4idea.http.GitAskPassApp Username for 'https://github.com': 

Host: AMD Ryzen 5 5500U with Radeon Graphics         , 12 cores, 7G,  Windows 11 , 64 bit Build 22621 (10.0.22621.3235)
Time: Tue Apr  9 21:45:36 2024 W. Australia Standard Time elapsed time: 0.014082 seconds (0d 0h 0m 0s)

---------------  T H R E A D  ---------------

Current thread (0x0000019c3202d900):  JavaThread "Unknown thread" [_thread_in_vm, id=16968, stack(0x0000004323400000,0x0000004323500000)]

Stack: [0x0000004323400000,0x0000004323500000]
Native frames: (J=compiled Java code, j=interpreted, Vv=VM code, C=native code)
V  [jvm.dll+0x6886e9]
V  [jvm.dll+0x841e4a]
V  [jvm.dll+0x843a8e]
V  [jvm.dll+0x8440f3]
V  [jvm.dll+0x24c14f]
V  [jvm.dll+0x685499]
V  [jvm.dll+0x679c2a]
V  [jvm.dll+0x30cf9b]
V  [jvm.dll+0x314446]
V  [jvm.dll+0x36425e]
V  [jvm.dll+0x36448f]
V  [jvm.dll+0x2e2d68]
V  [jvm.dll+0x2e3cd4]
V  [jvm.dll+0x8129f1]
V  [jvm.dll+0x3720c1]
V  [jvm.dll+0x7f152c]
V  [jvm.dll+0x3f5d4f]
V  [jvm.dll+0x3f7981]
C  [jli.dll+0x528f]
C  [ucrtbase.dll+0x29363]
C  [KERNEL32.DLL+0x1257d]
C  [ntdll.dll+0x5aa58]


---------------  P R O C E S S  ---------------

Threads class SMR info:
_java_thread_list=0x00007fffb779ef18, length=0, elements={
}

Java Threads: ( => current thread )

Other Threads:
  0x0000019c32084230 GCTaskThread "GC Thread#0" [stack: 0x0000004323500000,0x0000004323600000] [id=7584]
  0x0000019c32093c10 ConcurrentGCThread "G1 Main Marker" [stack: 0x0000004323600000,0x0000004323700000] [id=19152]
  0x0000019c32094d50 ConcurrentGCThread "G1 Conc#0" [stack: 0x0000004323700000,0x0000004323800000] [id=9900]

[error occurred during error reporting (printing all threads), id 0xc0000005, EXCEPTION_ACCESS_VIOLATION (0xc0000005) at pc=0x00007fffb6f53937]

VM state: not at safepoint (not fully initialized)

VM Mutex/Monitor currently owned by a thread:  ([mutex/lock_event])
[0x0000019c32028200] Heap_lock - owner thread: 0x0000019c3202d900

Heap address: 0x000000008a400000, size: 1884 MB, Compressed Oops mode: 32-bit

CDS archive(s) mapped at: [0x0000000000000000-0x0000000000000000-0x0000000000000000), size 0, SharedBaseAddress: 0x0000000800000000, ArchiveRelocationMode: 1.
Narrow klass base: 0x0000000000000000, Narrow klass shift: 0, Narrow klass range: 0x0

GC Precious Log:
<Empty>

Heap:
 garbage-first heap   total 0K, used 0K [0x000000008a400000, 0x0000000100000000)
  region size 1024K, 0 young (0K), 0 survivors (0K)
 Metaspace       used 0K, committed 0K, reserved 0K
  class space    used 0K, committed 0K, reserved 0K

Heap Regions: E=young(eden), S=young(survivor), O=old, HS=humongous(starts), HC=humongous(continues), CS=collection set, F=free, OA=open archive, CA=closed archive, TAMS=top-at-mark-start (previous, next)

Card table byte_map: [0x0000019c44e00000,0x0000019c451b0000] _byte_map_base: 0x0000019c449ae000

Marking Bits (Prev, Next): (CMBitMap*) 0x0000019c32084760, (CMBitMap*) 0x0000019c320847a0
 Prev Bits: [0x0000019c45560000, 0x0000019c472d0000)
 Next Bits: [0x0000019c472d0000, 0x0000019c49040000)

GC Heap History (0 events):
No events

Dll operation events (1 events):
Event: 0.008 Loaded shared library C:\Program Files\Android\Android Studio\jbr\bin\java.dll

Deoptimization events (0 events):
No events

Classes unloaded (0 events):
No events

Classes redefined (0 events):
No events

Internal exceptions (0 events):
No events

VM Operations (0 events):
No events

Events (0 events):
No events


Dynamic libraries:
0x00007ff602ba0000 - 0x00007ff602baa000 	C:\Program Files\Android\Android Studio\jbr\bin\java.exe
0x00007ff801d50000 - 0x00007ff801f66000 	C:\WINDOWS\SYSTEM32\ntdll.dll
0x00007ff800680000 - 0x00007ff800744000 	C:\WINDOWS\System32\KERNEL32.DLL
0x00007fffff070000 - 0x00007fffff416000 	C:\WINDOWS\System32\KERNELBASE.dll
0x00007fffff670000 - 0x00007fffff781000 	C:\WINDOWS\System32\ucrtbase.dll
0x00007ffff0410000 - 0x00007ffff042b000 	C:\Program Files\Android\Android Studio\jbr\bin\VCRUNTIME140.dll
0x00007ffff04d0000 - 0x00007ffff04e7000 	C:\Program Files\Android\Android Studio\jbr\bin\jli.dll
0x00007ff800fa0000 - 0x00007ff80114d000 	C:\WINDOWS\System32\USER32.dll
0x00007fffeb810000 - 0x00007fffebaa3000 	C:\WINDOWS\WinSxS\amd64_microsoft.windows.common-controls_6595b64144ccf1df_6.0.22621.3235_none_270f74e173860f98\COMCTL32.dll
0x00007ff800010000 - 0x00007ff800036000 	C:\WINDOWS\System32\win32u.dll
0x00007ff800300000 - 0x00007ff8003a7000 	C:\WINDOWS\System32\msvcrt.dll
0x00007ff8016d0000 - 0x00007ff8016f9000 	C:\WINDOWS\System32\GDI32.dll
0x00007ff800070000 - 0x00007ff800188000 	C:\WINDOWS\System32\gdi32full.dll
0x00007fffff510000 - 0x00007fffff5aa000 	C:\WINDOWS\System32\msvcp_win.dll
0x00007ff8008f0000 - 0x00007ff800921000 	C:\WINDOWS\System32\IMM32.DLL
0x00007ffff10c0000 - 0x00007ffff10cc000 	C:\Program Files\Android\Android Studio\jbr\bin\vcruntime140_1.dll
0x00007fffd7d00000 - 0x00007fffd7d8d000 	C:\Program Files\Android\Android Studio\jbr\bin\msvcp140.dll
0x00007fffb6c60000 - 0x00007fffb78e3000 	C:\Program Files\Android\Android Studio\jbr\bin\server\jvm.dll
0x00007ff801a90000 - 0x00007ff801b42000 	C:\WINDOWS\System32\ADVAPI32.dll
0x00007ff800a60000 - 0x00007ff800b08000 	C:\WINDOWS\System32\sechost.dll
0x00007ff800040000 - 0x00007ff800068000 	C:\WINDOWS\System32\bcrypt.dll
0x00007ff800750000 - 0x00007ff800865000 	C:\WINDOWS\System32\RPCRT4.dll
0x00007ffffe6a0000 - 0x00007ffffe6ed000 	C:\WINDOWS\SYSTEM32\POWRPROF.dll
0x00007ffff61b0000 - 0x00007ffff61ba000 	C:\WINDOWS\SYSTEM32\VERSION.dll
0x00007ffff6ec0000 - 0x00007ffff6ef4000 	C:\WINDOWS\SYSTEM32\WINMM.dll
0x00007ffffc000000 - 0x00007ffffc009000 	C:\WINDOWS\SYSTEM32\WSOCK32.dll
0x00007ff800870000 - 0x00007ff8008e1000 	C:\WINDOWS\System32\WS2_32.dll
0x00007ffffe650000 - 0x00007ffffe663000 	C:\WINDOWS\SYSTEM32\UMPDC.dll
0x00007ffffe130000 - 0x00007ffffe148000 	C:\WINDOWS\SYSTEM32\kernel.appcore.dll
0x00007ffffbf20000 - 0x00007ffffbf2a000 	C:\Program Files\Android\Android Studio\jbr\bin\jimage.dll
0x00007ffffc620000 - 0x00007ffffc853000 	C:\WINDOWS\SYSTEM32\DBGHELP.DLL
0x00007ff801700000 - 0x00007ff801a88000 	C:\WINDOWS\System32\combase.dll
0x00007ff8012e0000 - 0x00007ff8013b7000 	C:\WINDOWS\System32\OLEAUT32.dll
0x00007fffe6b00000 - 0x00007fffe6b32000 	C:\WINDOWS\SYSTEM32\dbgcore.DLL
0x00007fffff420000 - 0x00007fffff49a000 	C:\WINDOWS\System32\bcryptPrimitives.dll
0x00007ffff0e80000 - 0x00007ffff0ea5000 	C:\Program Files\Android\Android Studio\jbr\bin\java.dll

dbghelp: loaded successfully - version: 4.0.5 - missing functions: none
symbol engine: initialized successfully - sym options: 0x614 - pdb path: .;C:\Program Files\Android\Android Studio\jbr\bin;C:\WINDOWS\SYSTEM32;C:\WINDOWS\WinSxS\amd64_microsoft.windows.common-controls_6595b64144ccf1df_6.0.22621.3235_none_270f74e173860f98;C:\Program Files\Android\Android Studio\jbr\bin\server

VM Arguments:
java_command: git4idea.http.GitAskPassApp Username for 'https://github.com': 
java_class_path (initial): C:/Program Files/Android/Android Studio/plugins/vcs-git/lib/git4idea-rt.jar;C:/Program Files/Android/Android Studio/lib/externalProcess-rt.jar
Launcher Type: SUN_STANDARD

[Global flags]
     intx CICompilerCount                          = 4                                         {product} {ergonomic}
     uint ConcGCThreads                            = 3                                         {product} {ergonomic}
     uint G1ConcRefinementThreads                  = 10                                        {product} {ergonomic}
   size_t G1HeapRegionSize                         = 1048576                                   {product} {ergonomic}
    uintx GCDrainStackTargetSize                   = 64                                        {product} {ergonomic}
   size_t InitialHeapSize                          = 123731968                                 {product} {ergonomic}
   size_t MarkStackSize                            = 4194304                                   {product} {ergonomic}
   size_t MaxHeapSize                              = 1975517184                                {product} {ergonomic}
   size_t MinHeapDeltaBytes                        = 1048576                                   {product} {ergonomic}
   size_t MinHeapSize                              = 8388608                                   {product} {ergonomic}
    uintx NonNMethodCodeHeapSize                   = 5839372                                {pd product} {ergonomic}
    uintx NonProfiledCodeHeapSize                  = 122909434                              {pd product} {ergonomic}
    uintx ProfiledCodeHeapSize                     = 122909434                              {pd product} {ergonomic}
    uintx ReservedCodeCacheSize                    = 251658240                              {pd product} {ergonomic}
     bool SegmentedCodeCache                       = true                                      {product} {ergonomic}
   size_t SoftMaxHeapSize                          = 1975517184                             {manageable} {ergonomic}
     bool UseCompressedClassPointers               = true                           {product lp64_product} {ergonomic}
     bool UseCompressedOops                        = true                           {product lp64_product} {ergonomic}
     bool UseG1GC                                  = true                                      {product} {ergonomic}
     bool UseLargePagesIndividualAllocation        = false                                  {pd product} {ergonomic}

Logging:
Log output configuration:
 #0: stdout all=warning uptime,level,tags
 #1: stderr all=off uptime,level,tags

Environment Variables:
PATH=C:\Program Files\Git\mingw64\libexec\git-core;C:\Program Files\Git\mingw64\libexec\git-core;C:\Program Files\Git\mingw64\bin;C:\Program Files\Git\usr\bin;C:\Users\allea\bin;C:\Program Files (x86)\Common Files\Oracle\Java\javapath;C:\WINDOWS\system32;C:\WINDOWS;C:\WINDOWS\System32\Wbem;C:\WINDOWS\System32\WindowsPowerShell\v1.0;C:\WINDOWS\System32\OpenSSH;C:\Program Files\Microsoft SQL Server\150\Tools\Binn;C:\Program Files\Microsoft SQL Server\Client SDK\ODBC\170\Tools\Binn;C:\Program Files\dotnet;C:\Program Files\Azure Data Studio\bin;C:\Program Files (x86)\Microsoft SQL Server\160\Tools\Binn;C:\Program Files\Microsoft SQL Server\160\Tools\Binn;C:\Program Files\Microsoft SQL Server\160\DTS\Binn;C:\Program Files (x86)\Microsoft SQL Server\160\DTS\Binn;C:\Program Files\Microsoft SQL Server\140\Tools\Binn;C:\Program Files\Git\cmd;C:\Program Files\PowerShell\7;C:\Users\allea\AppData\Local\Microsoft\WindowsApps;C:\Users\allea\AppData\Local\Programs\Microsoft VS Code\bin;C:\Users\allea\.dotnet\tools;C:\Program Files\Azure Data Studio\bin;C:\Users\allea\AppData\Local\spicetify
USERNAME=allea
DISPLAY=:0.0
LC_ALL=en_US.UTF-8
TERM=xterm-256color
TMPDIR=C:\Users\allea\AppData\Local\Temp
OS=Windows_NT
PROCESSOR_IDENTIFIER=AMD64 Family 23 Model 104 Stepping 1, AuthenticAMD
TMP=C:\Users\allea\AppData\Local\Temp
TEMP=C:\Users\allea\AppData\Local\Temp



Periodic native trim disabled

JNI global refs:
JNI global refs: 0, weak refs: 0

JNI global refs memory usage: 0, weak refs: 0

OOME stack traces (most recent first):
Classloader memory used:


---------------  S Y S T E M  ---------------

OS:
 Windows 11 , 64 bit Build 22621 (10.0.22621.3235)
OS uptime: 2 days 17:55 hours
Hyper-V role detected

CPU: total 12 (initial active 12) (12 cores per cpu, 2 threads per core) family 23 model 104 stepping 1 microcode 0x0, cx8, cmov, fxsr, ht, mmx, 3dnowpref, sse, sse2, sse3, ssse3, sse4a, sse4.1, sse4.2, popcnt, lzcnt, tsc, tscinvbit, avx, avx2, aes, clmul, bmi1, bmi2, adx, sha, fma, vzeroupper, clflush, clflushopt, hv
Processor Information for processor 0
  Max Mhz: 2100, Current Mhz: 1988, Mhz Limit: 2100
Processor Information for processor 1
  Max Mhz: 2100, Current Mhz: 1988, Mhz Limit: 2100
Processor Information for processor 2
  Max Mhz: 2100, Current Mhz: 2100, Mhz Limit: 2100
Processor Information for processor 3
  Max Mhz: 2100, Current Mhz: 1988, Mhz Limit: 2100
Processor Information for processor 4
  Max Mhz: 2100, Current Mhz: 2100, Mhz Limit: 2100
Processor Information for processor 5
  Max Mhz: 2100, Current Mhz: 2100, Mhz Limit: 2100
Processor Information for processor 6
  Max Mhz: 2100, Current Mhz: 2100, Mhz Limit: 2100
Processor Information for processor 7
  Max Mhz: 2100, Current Mhz: 2100, Mhz Limit: 2100
Processor Information for processor 8
  Max Mhz: 2100, Current Mhz: 2100, Mhz Limit: 2100
Processor Information for processor 9
  Max Mhz: 2100, Current Mhz: 1988, Mhz Limit: 2100
Processor Information for processor 10
  Max Mhz: 2100, Current Mhz: 1988, Mhz Limit: 2100
Processor Information for processor 11
  Max Mhz: 2100, Current Mhz: 1988, Mhz Limit: 2100

Memory: 4k page, system-wide physical 7530M (577M free)
TotalPageFile size 19818M (AvailPageFile size 117M)
current process WorkingSet (physical memory assigned to process): 11M, peak: 11M
current process commit charge ("private bytes"): 64M, peak: 182M

vm_info: OpenJDK 64-Bit Server VM (17.0.9+0--11185874) for windows-amd64 JRE (17.0.9+0--11185874), built on Dec  6 2023 18:57:44 by "androidbuild" with MS VC++ 16.10 / 16.11 (VS2019)

END.
